<?xml version="1.0" encoding="UTF-8"?>
<testng-results skipped="0" failed="0" total="1" passed="1">
  <reporter-output>
  </reporter-output>
  <suite name="Default suite" duration-ms="16117" started-at="2016-11-11T03:00:30Z" finished-at="2016-11-11T03:00:46Z">
    <groups>
    </groups>
    <test name="Default test" duration-ms="16117" started-at="2016-11-11T03:00:30Z" finished-at="2016-11-11T03:00:46Z">
      <class name="com.csrk.tests.TestManagement">
        <test-method status="PASS" signature="setup()[pri:0, instance:com.csrk.tests.TestManagement@59194827]" name="setup" is-config="true" duration-ms="6240" started-at="2016-11-10T22:00:30Z" finished-at="2016-11-10T22:00:36Z">
          <reporter-output>
          </reporter-output>
        </test-method> <!-- setup -->
        <test-method status="PASS" signature="clickManagement()[pri:0, instance:com.csrk.tests.TestManagement@59194827]" name="clickManagement" duration-ms="9857" started-at="2016-11-10T22:00:36Z" finished-at="2016-11-10T22:00:46Z">
          <reporter-output>
          </reporter-output>
        </test-method> <!-- clickManagement -->
        <test-method status="PASS" signature="teardown()[pri:0, instance:com.csrk.tests.TestManagement@59194827]" name="teardown" is-config="true" duration-ms="0" started-at="2016-11-10T22:00:46Z" finished-at="2016-11-10T22:00:46Z">
          <reporter-output>
          </reporter-output>
        </test-method> <!-- teardown -->
      </class> <!-- com.csrk.tests.TestManagement -->
    </test> <!-- Default test -->
  </suite> <!-- Default suite -->
</testng-results>
